<?xml version="1.0" encoding="UTF-8"?>
<!-- Generated by org.testng.reporters.JUnitReportReporter -->
<testsuite hostname="MOHAMMADs-Mini" failures="0" tests="1" name="Testpackage.testt" time="8.001" errors="0" timestamp="2022-03-31T21:20:36 EDT" skipped="0">
  <testcase classname="Testpackage.testt" name="tt" time="8.001"/>
  <system-out/>
</testsuite> <!-- Testpackage.testt -->
