<?xml version="1.0" encoding="UTF-8"?>
<!-- Generated by org.testng.reporters.JUnitReportReporter -->
<testsuite hostname="MOHAMMADs-Mini" failures="0" tests="1" name="Testpackage.basic2" time="8.018" errors="0" timestamp="2022-03-31T22:40:45 EDT" skipped="0">
  <testcase classname="Testpackage.basic2" name="demo" time="8.018"/>
  <system-out/>
</testsuite> <!-- Testpackage.basic2 -->
