<?xml version="1.0" encoding="UTF-8"?>
<!-- Generated by org.testng.reporters.JUnitReportReporter -->
<testsuite hostname="MOHAMMADs-Mini" failures="0" tests="4" name="Testpackage.Basic4" time="4.950" errors="0" timestamp="2022-03-31T22:40:45 EDT" skipped="0">
  <testcase classname="Testpackage.Basic4" name="demo3" time="4.944"/>
  <system-out/>
  <testcase classname="Testpackage.Basic4" name="demo" time="0.005"/>
  <system-out/>
  <testcase classname="Testpackage.Basic4" name="demo2" time="0.000"/>
  <system-out/>
  <testcase classname="Testpackage.Basic4" name="Rida" time="0.001"/>
  <system-out/>
</testsuite> <!-- Testpackage.Basic4 -->
