<?xml version="1.0" encoding="UTF-8"?>
<!-- Generated by org.testng.reporters.JUnitReportReporter -->
<testsuite hostname="MOHAMMADs-Mini" failures="0" tests="2" name="Testpackage.Basic" time="0.001" errors="0" timestamp="2022-03-31T22:40:45 EDT" skipped="0">
  <testcase classname="Testpackage.Basic" name="demo8" time="0.000"/>
  <system-out/>
  <testcase classname="Testpackage.Basic" name="demo" time="0.001"/>
  <system-out/>
</testsuite> <!-- Testpackage.Basic -->
