<?xml version="1.0" encoding="UTF-8"?>
<!-- Generated by org.testng.reporters.JUnitReportReporter -->
<testsuite hostname="MOHAMMADs-Mini" failures="0" tests="1" name="Alpha.Loginapplication" time="9.653" errors="0" timestamp="2022-05-16T21:19:02 EDT" skipped="0">
  <testcase classname="Alpha.Loginapplication" name="Login" time="9.653"/>
  <system-out/>
</testsuite> <!-- Alpha.Loginapplication -->
