<?xml version="1.0" encoding="UTF-8"?>
<!-- Generated by org.testng.reporters.JUnitReportReporter -->
<testsuite hostname="MOHAMMADs-Mini" failures="0" tests="1" name="Academy.AppTest" time="0.015" errors="0" timestamp="2022-05-24T22:07:36 EDT" skipped="0">
  <testcase classname="Academy.AppTest" name="shouldAnswerWithTrue" time="0.015"/>
  <system-out/>
</testsuite> <!-- Academy.AppTest -->
