<?xml version="1.0" encoding="UTF-8"?>
<!-- Generated by org.testng.reporters.JUnitReportReporter -->
<testsuite hostname="MOHAMMADs-Mini" failures="0" tests="1" name="Academy.HomePage" time="12.572" errors="0" timestamp="2022-05-31T20:48:39 EDT" skipped="0">
  <testcase classname="Academy.HomePage" name="basePagenavigation" time="12.572"/>
  <system-out/>
</testsuite> <!-- Academy.HomePage -->
