<?xml version="1.0" encoding="UTF-8"?>
<!-- Generated by org.testng.reporters.JUnitReportReporter -->
<testsuite hostname="MOHAMMADs-Mini" failures="0" tests="1" name="Academy.NavigationBarTestCase" time="4.507" errors="0" timestamp="2022-05-31T20:48:39 EDT" skipped="0">
  <testcase classname="Academy.NavigationBarTestCase" name="Title" time="4.507"/>
  <system-out/>
</testsuite> <!-- Academy.NavigationBarTestCase -->
