<?xml version="1.0" encoding="UTF-8"?>
<!-- Generated by org.testng.reporters.JUnitReportReporter -->
<testsuite hostname="MOHAMMADs-Mini" failures="0" tests="1" name="Basic_Maven.Basic_Maven_ID.Appium" time="0.010" errors="0" timestamp="2022-04-13T02:20:24 EDT" skipped="0">
  <testcase classname="Basic_Maven.Basic_Maven_ID.Appium" name="mobileapp" time="0.010"/>
  <system-out/>
</testsuite> <!-- Basic_Maven.Basic_Maven_ID.Appium -->
